copying Plz wait
--2018-01-12 16:54:36--  http://www.leptonica.org/source/leptonica-1.74.4.tar.gz
Resolving proxy.iiit.ac.in (proxy.iiit.ac.in)... 10.4.20.103
Connecting to proxy.iiit.ac.in (proxy.iiit.ac.in)|10.4.20.103|:8080... connected.
Proxy request sent, awaiting response... 200 OK
Length: 12349877 (12M) [application/x-gzip]
Saving to: ‘leptonica-1.74.4.tar.gz’

     0K .......... .......... .......... .......... ..........  0% 45.0K 4m27s
    50K .......... .......... .......... .......... ..........  0% 89.9K 3m19s
   100K .......... .......... .......... .......... ..........  1%  179K 2m35s
   150K .......... .......... .......... .......... ..........  1%  180K 2m12s
   200K .......... .......... .......... .......... ..........  2% 1.26M 1m47s
   250K .......... .......... .......... .......... ..........  2%  180K 1m40s
   300K .......... .......... .......... .......... ..........  2%  208K 93s
   350K .......... .......... .......... .......... ..........  3% 1.27M 82s
   400K .......... .......... .......... .......... ..........  3% 30.3M 73s
   450K .......... .......... .......... .......... ..........  4%  181K 72s
   500K .......... .......... .......... .......... ..........  4% 45.8M 65s
   550K .......... .......... .......... .......... ..........  4%  181K 64s
   600K .......... .......... .......... .......... ..........  5% 25.2M 59s
   650K .......... .......... .......... .......... ..........  5% 31.9M 55s
   700K .......... .......... .......... .......... ..........  6%  181K 55s
   750K .......... .......... .......... .......... ..........  6% 22.4M 51s
   800K .......... .......... .......... .......... ..........  7% 21.5M 48s
   850K .......... .......... .......... .......... ..........  7% 23.6M 45s
   900K .......... .......... .......... .......... ..........  7%  184K 46s
   950K .......... .......... .......... .......... ..........  8% 43.7M 44s
  1000K .......... .......... .......... .......... ..........  8% 39.6M 41s
  1050K .......... .......... .......... .......... ..........  9% 43.5M 39s
  1100K .......... .......... .......... .......... ..........  9% 50.6M 37s
  1150K .......... .......... .......... .......... ..........  9%  182K 38s
  1200K .......... .......... .......... .......... .......... 10% 63.9M 36s
  1250K .......... .......... .......... .......... .......... 10% 45.5M 35s
  1300K .......... .......... .......... .......... .......... 11% 51.6M 33s
  1350K .......... .......... .......... .......... .......... 11% 58.6M 32s
  1400K .......... .......... .......... .......... .......... 12% 63.3M 31s
  1450K .......... .......... .......... .......... .......... 12%  183K 32s
  1500K .......... .......... .......... .......... .......... 12% 41.0M 30s
  1550K .......... .......... .......... .......... .......... 13% 53.6M 29s
  1600K .......... .......... .......... .......... .......... 13% 45.9M 28s
  1650K .......... .......... .......... .......... .......... 14% 47.8M 27s
  1700K .......... .......... .......... .......... .......... 14% 64.9M 26s
  1750K .......... .......... .......... .......... .......... 14% 63.8M 26s
  1800K .......... .......... .......... .......... .......... 15% 65.3M 25s
  1850K .......... .......... .......... .......... .......... 15%  184K 25s
  1900K .......... .......... .......... .......... .......... 16% 30.6M 25s
  1950K .......... .......... .......... .......... .......... 16% 27.5M 24s
  2000K .......... .......... .......... .......... .......... 16% 37.8M 23s
  2050K .......... .......... .......... .......... .......... 17% 63.5M 23s
  2100K .......... .......... .......... .......... .......... 17% 51.1M 22s
  2150K .......... .......... .......... .......... .......... 18% 63.4M 21s
  2200K .......... .......... .......... .......... .......... 18% 51.4M 21s
  2250K .......... .......... .......... .......... .......... 19% 36.9M 20s
  2300K .......... .......... .......... .......... .......... 19% 43.3M 20s
  2350K .......... .......... .......... .......... .......... 19%  186K 20s
  2400K .......... .......... .......... .......... .......... 20% 34.2M 20s
  2450K .......... .......... .......... .......... .......... 20% 44.1M 19s
  2500K .......... .......... .......... .......... .......... 21% 62.2M 19s
  2550K .......... .......... .......... .......... .......... 21% 44.0M 18s
  2600K .......... .......... .......... .......... .......... 21% 33.2M 18s
  2650K .......... .......... .......... .......... .......... 22% 61.4M 18s
  2700K .......... .......... .......... .......... .......... 22% 37.4M 17s
  2750K .......... .......... .......... .......... .......... 23% 42.0M 17s
  2800K .......... .......... .......... .......... .......... 23% 51.8M 16s
  2850K .......... .......... .......... .......... .......... 24% 60.9M 16s
  2900K .......... .......... .......... .......... .......... 24%  180K 16s
  2950K .......... .......... .......... .......... .......... 24% 89.4K 18s
  3000K .......... .......... .......... .......... .......... 25% 60.0K 20s
  3050K .......... .......... .......... .......... .......... 25% 90.3K 21s
  3100K .......... .......... .......... .......... .......... 26%  180K 21s
  3150K .......... .......... .......... .......... .......... 26%  178K 22s
  3200K .......... .......... .......... .......... .......... 26%  181K 22s
  3250K .......... .......... .......... .......... .......... 27% 22.4M 22s
  3300K .......... .......... .......... .......... .......... 27%  181K 22s
  3350K .......... .......... .......... .......... .......... 28% 23.3M 21s
  3400K .......... .......... .......... .......... .......... 28%  180K 22s
  3450K .......... .......... .......... .......... .......... 29% 22.0M 21s
  3500K .......... .......... .......... .......... .......... 29%  182K 21s
  3550K .......... .......... .......... .......... .......... 29% 61.7M 21s
  3600K .......... .......... .......... .......... .......... 30% 20.5M 21s
  3650K .......... .......... .......... .......... .......... 30%  182K 21s
  3700K .......... .......... .......... .......... .......... 31% 33.6M 20s
  3750K .......... .......... .......... .......... .......... 31% 64.8M 20s
  3800K .......... .......... .......... .......... .......... 31% 18.0M 20s
  3850K .......... .......... .......... .......... .......... 32%  183K 20s
  3900K .......... .......... .......... .......... .......... 32% 44.8M 20s
  3950K .......... .......... .......... .......... .......... 33% 46.5M 19s
  4000K .......... .......... .......... .......... .......... 33% 59.6M 19s
  4050K .......... .......... .......... .......... .......... 33% 23.6M 18s
  4100K .......... .......... .......... .......... .......... 34%  178K 19s
  4150K .......... .......... .......... .......... .......... 34% 12.2M 18s
  4200K .......... .......... .......... .......... .......... 35% 10.9M 18s
  4250K .......... .......... .......... .......... .......... 35% 11.8M 18s
  4300K .......... .......... .......... .......... .......... 36% 44.1M 17s
  4350K .......... .......... .......... .......... .......... 36% 13.5M 17s
  4400K .......... .......... .......... .......... .......... 36%  194K 17s
  4450K .......... .......... .......... .......... .......... 37% 38.2M 17s
  4500K .......... .......... .......... .......... .......... 37% 49.5M 17s
  4550K .......... .......... .......... .......... .......... 38% 68.6M 16s
  4600K .......... .......... .......... .......... .......... 38% 52.7M 16s
  4650K .......... .......... .......... .......... .......... 38% 51.8M 16s
  4700K .......... .......... .......... .......... .......... 39% 48.7M 16s
  4750K .......... .......... .......... .......... .......... 39% 47.4M 15s
  4800K .......... .......... .......... .......... .......... 40%  184K 15s
  4850K .......... .......... .......... .......... .......... 40% 67.7M 15s
  4900K .......... .......... .......... .......... .......... 41% 91.2M 15s
  4950K .......... .......... .......... .......... .......... 41% 25.5M 15s
  5000K .......... .......... .......... .......... .......... 41% 62.8M 14s
  5050K .......... .......... .......... .......... .......... 42% 55.4M 14s
  5100K .......... .......... .......... .......... .......... 42% 55.6M 14s
  5150K .......... .......... .......... .......... .......... 43% 84.6M 14s
  5200K .......... .......... .......... .......... .......... 43% 39.2M 13s
  5250K .......... .......... .......... .......... .......... 43% 60.2M 13s
  5300K .......... .......... .......... .......... .......... 44%  182K 13s
  5350K .......... .......... .......... .......... .......... 44% 23.6M 13s
  5400K .......... .......... .......... .......... .......... 45% 17.0M 13s
  5450K .......... .......... .......... .......... .......... 45% 21.7M 13s
  5500K .......... .......... .......... .......... .......... 46% 19.0M 12s
  5550K .......... .......... .......... .......... .......... 46% 14.0M 12s
  5600K .......... .......... .......... .......... .......... 46% 53.2M 12s
  5650K .......... .......... .......... .......... .......... 47% 12.9M 12s
  5700K .......... .......... .......... .......... .......... 47% 16.2M 12s
  5750K .......... .......... .......... .......... .......... 48% 13.1M 11s
  5800K .......... .......... .......... .......... .......... 48%  198K 12s
  5850K .......... .......... .......... .......... .......... 48% 38.7M 11s
  5900K .......... .......... .......... .......... .......... 49% 45.4M 11s
  5950K .......... .......... .......... .......... .......... 49% 54.3M 11s
  6000K .......... .......... .......... .......... .......... 50% 39.3M 11s
  6050K .......... .......... .......... .......... .......... 50% 52.8M 11s
  6100K .......... .......... .......... .......... .......... 50% 50.9M 10s
  6150K .......... .......... .......... .......... .......... 51% 84.2M 10s
  6200K .......... .......... .......... .......... .......... 51% 70.5M 10s
  6250K .......... .......... .......... .......... .......... 52% 53.6M 10s
  6300K .......... .......... .......... .......... .......... 52%  186K 10s
  6350K .......... .......... .......... .......... .......... 53% 23.9M 10s
  6400K .......... .......... .......... .......... .......... 53% 66.5M 10s
  6450K .......... .......... .......... .......... .......... 53% 65.4M 10s
  6500K .......... .......... .......... .......... .......... 54% 28.8M 9s
  6550K .......... .......... .......... .......... .......... 54% 65.6M 9s
  6600K .......... .......... .......... .......... .......... 55% 68.2M 9s
  6650K .......... .......... .......... .......... .......... 55% 70.4M 9s
  6700K .......... .......... .......... .......... .......... 55% 53.3M 9s
  6750K .......... .......... .......... .......... .......... 56% 55.6M 9s
  6800K .......... .......... .......... .......... .......... 56%  186K 9s
  6850K .......... .......... .......... .......... .......... 57% 67.7M 9s
  6900K .......... .......... .......... .......... .......... 57% 27.8M 8s
  6950K .......... .......... .......... .......... .......... 58% 38.3M 8s
  7000K .......... .......... .......... .......... .......... 58% 29.2M 8s
  7050K .......... .......... .......... .......... .......... 58% 22.9M 8s
  7100K .......... .......... .......... .......... .......... 59% 38.5M 8s
  7150K .......... .......... .......... .......... .......... 59% 40.7M 8s
  7200K .......... .......... .......... .......... .......... 60% 25.2M 8s
  7250K .......... .......... .......... .......... .......... 60% 53.2M 7s
  7300K .......... .......... .......... .......... .......... 60% 45.7M 7s
  7350K .......... .......... .......... .......... .......... 61%  187K 7s
  7400K .......... .......... .......... .......... .......... 61% 25.2M 7s
  7450K .......... .......... .......... .......... .......... 62% 18.0M 7s
  7500K .......... .......... .......... .......... .......... 62% 30.6M 7s
  7550K .......... .......... .......... .......... .......... 63% 19.1M 7s
  7600K .......... .......... .......... .......... .......... 63% 17.3M 7s
  7650K .......... .......... .......... .......... .......... 63% 26.2M 7s
  7700K .......... .......... .......... .......... .......... 64% 20.6M 7s
  7750K .......... .......... .......... .......... .......... 64% 28.9M 6s
  7800K .......... .......... .......... .......... .......... 65% 18.1M 6s
  7850K .......... .......... .......... .......... .......... 65% 25.9M 6s
  7900K .......... .......... .......... .......... .......... 65%  195K 6s
  7950K .......... .......... .......... .......... .......... 66% 48.1M 6s
  8000K .......... .......... .......... .......... .......... 66% 36.7M 6s
  8050K .......... .......... .......... .......... .......... 67% 44.8M 6s
  8100K .......... .......... .......... .......... .......... 67% 23.9M 6s
  8150K .......... .......... .......... .......... .......... 67% 57.4M 6s
  8200K .......... .......... .......... .......... .......... 68% 66.4M 6s
  8250K .......... .......... .......... .......... .......... 68% 33.8M 5s
  8300K .......... .......... .......... .......... .......... 69% 34.2M 5s
  8350K .......... .......... .......... .......... .......... 69% 53.9M 5s
  8400K .......... .......... .......... .......... .......... 70% 41.9M 5s
  8450K .......... .......... .......... .......... .......... 70% 48.0M 5s
  8500K .......... .......... .......... .......... .......... 70%  188K 5s
  8550K .......... .......... .......... .......... .......... 71% 32.0M 5s
  8600K .......... .......... .......... .......... .......... 71% 50.2M 5s
  8650K .......... .......... .......... .......... .......... 72% 49.3M 5s
  8700K .......... .......... .......... .......... .......... 72% 29.0M 5s
  8750K .......... .......... .......... .......... .......... 72% 52.7M 5s
  8800K .......... .......... .......... .......... .......... 73% 39.2M 4s
  8850K .......... .......... .......... .......... .......... 73% 34.8M 4s
  8900K .......... .......... .......... .......... .......... 74% 50.6M 4s
  8950K .......... .......... .......... .......... .......... 74% 45.4M 4s
  9000K .......... .......... .......... .......... .......... 75% 63.6M 4s
  9050K .......... .......... .......... .......... .......... 75%  188K 4s
  9100K .......... .......... .......... .......... .......... 75% 35.7M 4s
  9150K .......... .......... .......... .......... .......... 76% 52.7M 4s
  9200K .......... .......... .......... .......... .......... 76% 37.5M 4s
  9250K .......... .......... .......... .......... .......... 77% 25.9M 4s
  9300K .......... .......... .......... .......... .......... 77% 67.2M 4s
  9350K .......... .......... .......... .......... .......... 77% 38.7M 4s
  9400K .......... .......... .......... .......... .......... 78% 69.0M 3s
  9450K .......... .......... .......... .......... .......... 78% 68.1M 3s
  9500K .......... .......... .......... .......... .......... 79% 33.4M 3s
  9550K .......... .......... .......... .......... .......... 79% 38.6M 3s
  9600K .......... .......... .......... .......... .......... 80% 30.2M 3s
  9650K .......... .......... .......... .......... .......... 80% 48.3M 3s
  9700K .......... .......... .......... .......... .......... 80%  189K 3s
  9750K .......... .......... .......... .......... .......... 81% 32.0M 3s
  9800K .......... .......... .......... .......... .......... 81% 38.3M 3s
  9850K .......... .......... .......... .......... .......... 82% 24.4M 3s
  9900K .......... .......... .......... .......... .......... 82% 34.1M 3s
  9950K .......... .......... .......... .......... .......... 82% 36.0M 3s
 10000K .......... .......... .......... .......... .......... 83% 53.0M 3s
 10050K .......... .......... .......... .......... .......... 83% 23.3M 2s
 10100K .......... .......... .......... .......... .......... 84% 38.2M 2s
 10150K .......... .......... .......... .......... .......... 84% 41.7M 2s
 10200K .......... .......... .......... .......... .......... 84% 22.4M 2s
 10250K .......... .......... .......... .......... .......... 85% 30.1M 2s
 10300K .......... .......... .......... .......... .......... 85%  192K 2s
 10350K .......... .......... .......... .......... .......... 86% 40.2M 2s
 10400K .......... .......... .......... .......... .......... 86% 54.8M 2s
 10450K .......... .......... .......... .......... .......... 87% 38.9M 2s
 10500K .......... .......... .......... .......... .......... 87% 17.5M 2s
 10550K .......... .......... .......... .......... .......... 87% 67.0M 2s
 10600K .......... .......... .......... .......... .......... 88% 38.5M 2s
 10650K .......... .......... .......... .......... .......... 88% 49.0M 2s
 10700K .......... .......... .......... .......... .......... 89% 37.8M 2s
 10750K .......... .......... .......... .......... .......... 89% 42.4M 2s
 10800K .......... .......... .......... .......... .......... 89% 32.3M 1s
 10850K .......... .......... .......... .......... .......... 90% 23.1M 1s
 10900K .......... .......... .......... .......... .......... 90% 56.9M 1s
 10950K .......... .......... .......... .......... .......... 91%  190K 1s
 11000K .......... .......... .......... .......... .......... 91% 20.9M 1s
 11050K .......... .......... .......... .......... .......... 92% 24.2M 1s
 11100K .......... .......... .......... .......... .......... 92% 35.5M 1s
 11150K .......... .......... .......... .......... .......... 92% 22.7M 1s
 11200K .......... .......... .......... .......... .......... 93% 53.7M 1s
 11250K .......... .......... .......... .......... .......... 93% 27.0M 1s
 11300K .......... .......... .......... .......... .......... 94% 44.8M 1s
 11350K .......... .......... .......... .......... .......... 94% 33.2M 1s
 11400K .......... .......... .......... .......... .......... 94% 30.2M 1s
 11450K .......... .......... .......... .......... .......... 95% 81.0M 1s
 11500K .......... .......... .......... .......... .......... 95% 19.7M 1s
 11550K .......... .......... .......... .......... .......... 96%  192K 1s
 11600K .......... .......... .......... .......... .......... 96% 58.0M 0s
 11650K .......... .......... .......... .......... .......... 97% 28.4M 0s
 11700K .......... .......... .......... .......... .......... 97% 42.8M 0s
 11750K .......... .......... .......... .......... .......... 97% 15.1M 0s
 11800K .......... .......... .......... .......... .......... 98% 33.6M 0s
 11850K .......... .......... .......... .......... .......... 98% 47.9M 0s
 11900K .......... .......... .......... .......... .......... 99% 32.1M 0s
 11950K .......... .......... .......... .......... .......... 99% 38.7M 0s
 12000K .......... .......... .......... .......... .......... 99% 60.6M 0s
 12050K ..........                                            100% 55.0M=14s

2018-01-12 16:54:50 (880 KB/s) - ‘leptonica-1.74.4.tar.gz’ saved [12349877/12349877]

--2018-01-12 16:54:50--  http://./
Reusing existing connection to proxy.iiit.ac.in:8080.
Proxy request sent, awaiting response... 503 Service Unavailable
2018-01-12 16:54:50 ERROR 503: Service Unavailable.

FINISHED --2018-01-12 16:54:50--
Total wall clock time: 14s
Downloaded: 1 files, 12M in 14s (880 KB/s)
copying done!
